000 (32203339.000.000) 11/27 16:05:12 Job submitted from host: <10.10.35.100:9618?addrs=10.10.35.100-9618&noUDP&sock=4280_4d6f_3>
...
001 (32203339.000.000) 11/27 16:05:14 Job executing on host: <10.10.35.116:9618?addrs=10.10.35.116-9618&noUDP&sock=3513_344b_3>
...
006 (32203339.000.000) 11/27 16:05:22 Image size of job updated: 135744
	133  -  MemoryUsage of job (MB)
	135744  -  ResidentSetSize of job (KB)
...
006 (32203339.000.000) 11/27 16:10:22 Image size of job updated: 290268
	284  -  MemoryUsage of job (MB)
	290268  -  ResidentSetSize of job (KB)
...
006 (32203339.000.000) 11/27 16:15:23 Image size of job updated: 300320
	294  -  MemoryUsage of job (MB)
	300292  -  ResidentSetSize of job (KB)
...
005 (32203339.000.000) 11/27 16:15:46 Job terminated.
	(1) Normal termination (return value 0)
		Usr 0 00:10:14, Sys 0 00:00:14  -  Run Remote Usage
		Usr 0 00:00:00, Sys 0 00:00:00  -  Run Local Usage
		Usr 0 00:10:14, Sys 0 00:00:14  -  Total Remote Usage
		Usr 0 00:00:00, Sys 0 00:00:00  -  Total Local Usage
	0  -  Run Bytes Sent By Job
	0  -  Run Bytes Received By Job
	0  -  Total Bytes Sent By Job
	0  -  Total Bytes Received By Job
	Partitionable Resources :    Usage  Request Allocated 
	   Cpus                 :     0.98        1         1 
	   Disk (KB)            :     1           1    561023 
	   Memory (MB)          :   294           1       128 
...
